[2024-01-19 03:35:34,240] {taskinstance.py:1179} INFO - Dependencies all met for <TaskInstance: ETLProcesoCompleto.conexion_BD manual__2024-01-19T03:35:31.271539+00:00 [queued]>
[2024-01-19 03:35:34,262] {taskinstance.py:1179} INFO - Dependencies all met for <TaskInstance: ETLProcesoCompleto.conexion_BD manual__2024-01-19T03:35:31.271539+00:00 [queued]>
[2024-01-19 03:35:34,263] {taskinstance.py:1376} INFO - 
--------------------------------------------------------------------------------
[2024-01-19 03:35:34,279] {taskinstance.py:1377} INFO - Starting attempt 1 of 6
[2024-01-19 03:35:34,281] {taskinstance.py:1378} INFO - 
--------------------------------------------------------------------------------
[2024-01-19 03:35:34,421] {taskinstance.py:1397} INFO - Executing <Task(PythonOperator): conexion_BD> on 2024-01-19 03:35:31.271539+00:00
[2024-01-19 03:35:34,428] {standard_task_runner.py:52} INFO - Started process 23461 to run task
[2024-01-19 03:35:34,435] {standard_task_runner.py:79} INFO - Running: ['***', 'tasks', 'run', 'ETLProcesoCompleto', 'conexion_BD', 'manual__2024-01-19T03:35:31.271539+00:00', '--job-id', '1990', '--raw', '--subdir', 'DAGS_FOLDER/ETLSachetto.py', '--cfg-path', '/tmp/tmpza2093tv', '--error-file', '/tmp/tmp_wtaoi23']
[2024-01-19 03:35:34,437] {standard_task_runner.py:80} INFO - Job 1990: Subtask conexion_BD
[2024-01-19 03:35:34,585] {task_command.py:371} INFO - Running <TaskInstance: ETLProcesoCompleto.conexion_BD manual__2024-01-19T03:35:31.271539+00:00 [running]> on host 8278623e2516
[2024-01-19 03:35:34,739] {logging_mixin.py:115} WARNING - /home/***/.local/lib/python3.7/site-packages/***/utils/context.py:202 AirflowContextDeprecationWarning: Accessing 'execution_date' from the template is deprecated and will be removed in a future version. Please use 'data_interval_start' or 'logical_date' instead.
[2024-01-19 03:35:34,980] {taskinstance.py:1591} INFO - Exporting the following env vars:
AIRFLOW_CTX_DAG_OWNER=Ignacio Sachetto
AIRFLOW_CTX_DAG_ID=ETLProcesoCompleto
AIRFLOW_CTX_TASK_ID=conexion_BD
AIRFLOW_CTX_EXECUTION_DATE=2024-01-19T03:35:31.271539+00:00
AIRFLOW_CTX_TRY_NUMBER=1
AIRFLOW_CTX_DAG_RUN_ID=manual__2024-01-19T03:35:31.271539+00:00
[2024-01-19 03:35:34,983] {ETLSachetto.py:39} INFO - Conectandose a la BD en la fecha: 2024-01-19 3
[2024-01-19 03:35:36,511] {ETLSachetto.py:47} INFO - Conectado a RedShift Correctamente!
[2024-01-19 03:35:36,513] {python.py:173} INFO - Done. Returned value was: None
[2024-01-19 03:35:36,554] {taskinstance.py:1420} INFO - Marking task as SUCCESS. dag_id=ETLProcesoCompleto, task_id=conexion_BD, execution_date=20240119T033531, start_date=20240119T033534, end_date=20240119T033536
[2024-01-19 03:35:36,645] {local_task_job.py:156} INFO - Task exited with return code 0
[2024-01-19 03:35:36,807] {local_task_job.py:273} INFO - 1 downstream tasks scheduled from follow-on schedule check
