[2024-01-18 20:16:42,493] {taskinstance.py:1179} INFO - Dependencies all met for <TaskInstance: ETL_Futbol.conexion_BD manual__2024-01-18T20:16:38.240952+00:00 [queued]>
[2024-01-18 20:16:42,508] {taskinstance.py:1179} INFO - Dependencies all met for <TaskInstance: ETL_Futbol.conexion_BD manual__2024-01-18T20:16:38.240952+00:00 [queued]>
[2024-01-18 20:16:42,509] {taskinstance.py:1376} INFO - 
--------------------------------------------------------------------------------
[2024-01-18 20:16:42,509] {taskinstance.py:1377} INFO - Starting attempt 1 of 6
[2024-01-18 20:16:42,522] {taskinstance.py:1378} INFO - 
--------------------------------------------------------------------------------
[2024-01-18 20:16:42,645] {taskinstance.py:1397} INFO - Executing <Task(PythonOperator): conexion_BD> on 2024-01-18 20:16:38.240952+00:00
[2024-01-18 20:16:42,681] {standard_task_runner.py:52} INFO - Started process 22772 to run task
[2024-01-18 20:16:42,696] {standard_task_runner.py:79} INFO - Running: ['***', 'tasks', 'run', 'ETL_Futbol', 'conexion_BD', 'manual__2024-01-18T20:16:38.240952+00:00', '--job-id', '1254', '--raw', '--subdir', 'DAGS_FOLDER/ETLSachetto.py', '--cfg-path', '/tmp/tmp9yt3jt51', '--error-file', '/tmp/tmpwkd5bveo']
[2024-01-18 20:16:42,699] {standard_task_runner.py:80} INFO - Job 1254: Subtask conexion_BD
[2024-01-18 20:16:43,084] {task_command.py:371} INFO - Running <TaskInstance: ETL_Futbol.conexion_BD manual__2024-01-18T20:16:38.240952+00:00 [running]> on host 8278623e2516
[2024-01-18 20:16:43,256] {logging_mixin.py:115} WARNING - /home/***/.local/lib/python3.7/site-packages/***/utils/context.py:202 AirflowContextDeprecationWarning: Accessing 'execution_date' from the template is deprecated and will be removed in a future version. Please use 'data_interval_start' or 'logical_date' instead.
[2024-01-18 20:16:43,464] {taskinstance.py:1591} INFO - Exporting the following env vars:
AIRFLOW_CTX_DAG_OWNER=Ignacio Sachetto
AIRFLOW_CTX_DAG_ID=ETL_Futbol
AIRFLOW_CTX_TASK_ID=conexion_BD
AIRFLOW_CTX_EXECUTION_DATE=2024-01-18T20:16:38.240952+00:00
AIRFLOW_CTX_TRY_NUMBER=1
AIRFLOW_CTX_DAG_RUN_ID=manual__2024-01-18T20:16:38.240952+00:00
[2024-01-18 20:16:43,467] {ETLSachetto.py:39} INFO - Conectandose a la BD en la fecha: 2024-01-18 20
[2024-01-18 20:16:44,810] {ETLSachetto.py:47} INFO - Connected to Redshift successfully!
[2024-01-18 20:16:44,811] {python.py:173} INFO - Done. Returned value was: None
[2024-01-18 20:16:44,852] {taskinstance.py:1420} INFO - Marking task as SUCCESS. dag_id=ETL_Futbol, task_id=conexion_BD, execution_date=20240118T201638, start_date=20240118T201642, end_date=20240118T201644
[2024-01-18 20:16:44,961] {local_task_job.py:156} INFO - Task exited with return code 0
[2024-01-18 20:16:45,243] {local_task_job.py:273} INFO - 1 downstream tasks scheduled from follow-on schedule check
