[2024-01-18 03:17:00,251] {taskinstance.py:1179} INFO - Dependencies all met for <TaskInstance: ETLFutbolll.conexion_BD manual__2024-01-18T03:16:57.728950+00:00 [queued]>
[2024-01-18 03:17:00,281] {taskinstance.py:1179} INFO - Dependencies all met for <TaskInstance: ETLFutbolll.conexion_BD manual__2024-01-18T03:16:57.728950+00:00 [queued]>
[2024-01-18 03:17:00,282] {taskinstance.py:1376} INFO - 
--------------------------------------------------------------------------------
[2024-01-18 03:17:00,283] {taskinstance.py:1377} INFO - Starting attempt 1 of 6
[2024-01-18 03:17:00,328] {taskinstance.py:1378} INFO - 
--------------------------------------------------------------------------------
[2024-01-18 03:17:00,565] {taskinstance.py:1397} INFO - Executing <Task(PythonOperator): conexion_BD> on 2024-01-18 03:16:57.728950+00:00
[2024-01-18 03:17:00,592] {standard_task_runner.py:52} INFO - Started process 8116 to run task
[2024-01-18 03:17:00,616] {standard_task_runner.py:79} INFO - Running: ['***', 'tasks', 'run', 'ETLFutbolll', 'conexion_BD', 'manual__2024-01-18T03:16:57.728950+00:00', '--job-id', '1243', '--raw', '--subdir', 'DAGS_FOLDER/ETLSachetto.py', '--cfg-path', '/tmp/tmpx2j4waeh', '--error-file', '/tmp/tmp77vjo76c']
[2024-01-18 03:17:00,639] {standard_task_runner.py:80} INFO - Job 1243: Subtask conexion_BD
[2024-01-18 03:17:01,067] {task_command.py:371} INFO - Running <TaskInstance: ETLFutbolll.conexion_BD manual__2024-01-18T03:16:57.728950+00:00 [running]> on host 8278623e2516
[2024-01-18 03:17:01,340] {logging_mixin.py:115} WARNING - /home/***/.local/lib/python3.7/site-packages/***/utils/context.py:202 AirflowContextDeprecationWarning: Accessing 'execution_date' from the template is deprecated and will be removed in a future version. Please use 'data_interval_start' or 'logical_date' instead.
[2024-01-18 03:17:01,535] {taskinstance.py:1591} INFO - Exporting the following env vars:
AIRFLOW_CTX_DAG_OWNER=NacchoSachetto
AIRFLOW_CTX_DAG_ID=ETLFutbolll
AIRFLOW_CTX_TASK_ID=conexion_BD
AIRFLOW_CTX_EXECUTION_DATE=2024-01-18T03:16:57.728950+00:00
AIRFLOW_CTX_TRY_NUMBER=1
AIRFLOW_CTX_DAG_RUN_ID=manual__2024-01-18T03:16:57.728950+00:00
[2024-01-18 03:17:01,537] {ETLSachetto.py:43} INFO - Conectandose a la BD en la fecha: 2024-01-18 3
[2024-01-18 03:17:03,166] {ETLSachetto.py:52} INFO - Connected to Redshift successfully!
[2024-01-18 03:17:03,167] {python.py:173} INFO - Done. Returned value was: None
[2024-01-18 03:17:03,190] {taskinstance.py:1420} INFO - Marking task as SUCCESS. dag_id=ETLFutbolll, task_id=conexion_BD, execution_date=20240118T031657, start_date=20240118T031700, end_date=20240118T031703
[2024-01-18 03:17:03,288] {local_task_job.py:156} INFO - Task exited with return code 0
[2024-01-18 03:17:03,413] {local_task_job.py:273} INFO - 1 downstream tasks scheduled from follow-on schedule check
