[2024-01-19 03:35:42,702] {taskinstance.py:1179} INFO - Dependencies all met for <TaskInstance: ETLProcesoCompleto.transformacion_extraccion_datos manual__2024-01-19T03:35:31.271539+00:00 [queued]>
[2024-01-19 03:35:42,719] {taskinstance.py:1179} INFO - Dependencies all met for <TaskInstance: ETLProcesoCompleto.transformacion_extraccion_datos manual__2024-01-19T03:35:31.271539+00:00 [queued]>
[2024-01-19 03:35:42,720] {taskinstance.py:1376} INFO - 
--------------------------------------------------------------------------------
[2024-01-19 03:35:42,721] {taskinstance.py:1377} INFO - Starting attempt 1 of 6
[2024-01-19 03:35:42,721] {taskinstance.py:1378} INFO - 
--------------------------------------------------------------------------------
[2024-01-19 03:35:42,774] {taskinstance.py:1397} INFO - Executing <Task(PythonOperator): transformacion_extraccion_datos> on 2024-01-19 03:35:31.271539+00:00
[2024-01-19 03:35:42,783] {standard_task_runner.py:52} INFO - Started process 23473 to run task
[2024-01-19 03:35:42,790] {standard_task_runner.py:79} INFO - Running: ['***', 'tasks', 'run', 'ETLProcesoCompleto', 'transformacion_extraccion_datos', 'manual__2024-01-19T03:35:31.271539+00:00', '--job-id', '1992', '--raw', '--subdir', 'DAGS_FOLDER/ETLSachetto.py', '--cfg-path', '/tmp/tmp93im4qlk', '--error-file', '/tmp/tmp38w0tt36']
[2024-01-19 03:35:42,792] {standard_task_runner.py:80} INFO - Job 1992: Subtask transformacion_extraccion_datos
[2024-01-19 03:35:42,922] {task_command.py:371} INFO - Running <TaskInstance: ETLProcesoCompleto.transformacion_extraccion_datos manual__2024-01-19T03:35:31.271539+00:00 [running]> on host 8278623e2516
[2024-01-19 03:35:43,095] {logging_mixin.py:115} WARNING - /home/***/.local/lib/python3.7/site-packages/***/utils/context.py:202 AirflowContextDeprecationWarning: Accessing 'execution_date' from the template is deprecated and will be removed in a future version. Please use 'data_interval_start' or 'logical_date' instead.
[2024-01-19 03:35:43,211] {taskinstance.py:1591} INFO - Exporting the following env vars:
AIRFLOW_CTX_DAG_OWNER=Ignacio Sachetto
AIRFLOW_CTX_DAG_ID=ETLProcesoCompleto
AIRFLOW_CTX_TASK_ID=transformacion_extraccion_datos
AIRFLOW_CTX_EXECUTION_DATE=2024-01-19T03:35:31.271539+00:00
AIRFLOW_CTX_TRY_NUMBER=1
AIRFLOW_CTX_DAG_RUN_ID=manual__2024-01-19T03:35:31.271539+00:00
[2024-01-19 03:35:43,213] {ETLSachetto.py:78} INFO - date_from: 2024-01-18
[2024-01-19 03:35:45,360] {ETLSachetto.py:101} INFO - No hay datos de partidos disponibles.
[2024-01-19 03:35:47,669] {ETLSachetto.py:101} INFO - No hay datos de partidos disponibles.
[2024-01-19 03:35:49,788] {ETLSachetto.py:101} INFO - No hay datos de partidos disponibles.
[2024-01-19 03:35:52,171] {ETLSachetto.py:101} INFO - No hay datos de partidos disponibles.
[2024-01-19 03:35:54,293] {ETLSachetto.py:101} INFO - No hay datos de partidos disponibles.
[2024-01-19 03:35:54,293] {python.py:173} INFO - Done. Returned value was: None
[2024-01-19 03:35:54,315] {taskinstance.py:1420} INFO - Marking task as SUCCESS. dag_id=ETLProcesoCompleto, task_id=transformacion_extraccion_datos, execution_date=20240119T033531, start_date=20240119T033542, end_date=20240119T033554
[2024-01-19 03:35:54,444] {local_task_job.py:156} INFO - Task exited with return code 0
[2024-01-19 03:35:54,518] {local_task_job.py:273} INFO - 1 downstream tasks scheduled from follow-on schedule check
