[2024-01-18 20:15:14,708] {taskinstance.py:1179} INFO - Dependencies all met for <TaskInstance: ETL_Futbol.conexion_BD manual__2024-01-18T20:15:00.894042+00:00 [queued]>
[2024-01-18 20:15:14,725] {taskinstance.py:1179} INFO - Dependencies all met for <TaskInstance: ETL_Futbol.conexion_BD manual__2024-01-18T20:15:00.894042+00:00 [queued]>
[2024-01-18 20:15:14,725] {taskinstance.py:1376} INFO - 
--------------------------------------------------------------------------------
[2024-01-18 20:15:14,726] {taskinstance.py:1377} INFO - Starting attempt 1 of 6
[2024-01-18 20:15:14,759] {taskinstance.py:1378} INFO - 
--------------------------------------------------------------------------------
[2024-01-18 20:15:14,866] {taskinstance.py:1397} INFO - Executing <Task(PythonOperator): conexion_BD> on 2024-01-18 20:15:00.894042+00:00
[2024-01-18 20:15:14,874] {standard_task_runner.py:52} INFO - Started process 22657 to run task
[2024-01-18 20:15:14,884] {standard_task_runner.py:79} INFO - Running: ['***', 'tasks', 'run', 'ETL_Futbol', 'conexion_BD', 'manual__2024-01-18T20:15:00.894042+00:00', '--job-id', '1248', '--raw', '--subdir', 'DAGS_FOLDER/ETLSachetto.py', '--cfg-path', '/tmp/tmpyo811tcp', '--error-file', '/tmp/tmp2fevyfaj']
[2024-01-18 20:15:14,886] {standard_task_runner.py:80} INFO - Job 1248: Subtask conexion_BD
[2024-01-18 20:15:15,244] {task_command.py:371} INFO - Running <TaskInstance: ETL_Futbol.conexion_BD manual__2024-01-18T20:15:00.894042+00:00 [running]> on host 8278623e2516
[2024-01-18 20:15:15,511] {logging_mixin.py:115} WARNING - /home/***/.local/lib/python3.7/site-packages/***/utils/context.py:202 AirflowContextDeprecationWarning: Accessing 'execution_date' from the template is deprecated and will be removed in a future version. Please use 'data_interval_start' or 'logical_date' instead.
[2024-01-18 20:15:16,048] {taskinstance.py:1591} INFO - Exporting the following env vars:
AIRFLOW_CTX_DAG_OWNER=Ignacio Sachetto
AIRFLOW_CTX_DAG_ID=ETL_Futbol
AIRFLOW_CTX_TASK_ID=conexion_BD
AIRFLOW_CTX_EXECUTION_DATE=2024-01-18T20:15:00.894042+00:00
AIRFLOW_CTX_TRY_NUMBER=1
AIRFLOW_CTX_DAG_RUN_ID=manual__2024-01-18T20:15:00.894042+00:00
[2024-01-18 20:15:16,082] {ETLSachetto.py:43} INFO - Conectandose a la BD en la fecha: 2024-01-18 20
[2024-01-18 20:15:20,109] {ETLSachetto.py:51} INFO - Connected to Redshift successfully!
[2024-01-18 20:15:20,110] {python.py:173} INFO - Done. Returned value was: None
[2024-01-18 20:15:20,134] {taskinstance.py:1420} INFO - Marking task as SUCCESS. dag_id=ETL_Futbol, task_id=conexion_BD, execution_date=20240118T201500, start_date=20240118T201514, end_date=20240118T201520
[2024-01-18 20:15:20,281] {local_task_job.py:156} INFO - Task exited with return code 0
[2024-01-18 20:15:20,673] {local_task_job.py:273} INFO - 0 downstream tasks scheduled from follow-on schedule check
