[2024-01-19 03:53:34,655] {taskinstance.py:1179} INFO - Dependencies all met for <TaskInstance: ETLProcesoCompleto.cargar_redshift_task manual__2024-01-19T03:53:14.746525+00:00 [queued]>
[2024-01-19 03:53:34,670] {taskinstance.py:1179} INFO - Dependencies all met for <TaskInstance: ETLProcesoCompleto.cargar_redshift_task manual__2024-01-19T03:53:14.746525+00:00 [queued]>
[2024-01-19 03:53:34,671] {taskinstance.py:1376} INFO - 
--------------------------------------------------------------------------------
[2024-01-19 03:53:34,672] {taskinstance.py:1377} INFO - Starting attempt 1 of 6
[2024-01-19 03:53:34,672] {taskinstance.py:1378} INFO - 
--------------------------------------------------------------------------------
[2024-01-19 03:53:34,894] {taskinstance.py:1397} INFO - Executing <Task(PythonOperator): cargar_redshift_task> on 2024-01-19 03:53:14.746525+00:00
[2024-01-19 03:53:34,900] {standard_task_runner.py:52} INFO - Started process 24678 to run task
[2024-01-19 03:53:34,906] {standard_task_runner.py:79} INFO - Running: ['***', 'tasks', 'run', 'ETLProcesoCompleto', 'cargar_redshift_task', 'manual__2024-01-19T03:53:14.746525+00:00', '--job-id', '2009', '--raw', '--subdir', 'DAGS_FOLDER/ETLSachetto.py', '--cfg-path', '/tmp/tmp1dc8g4wz', '--error-file', '/tmp/tmpelfn4doy']
[2024-01-19 03:53:34,909] {standard_task_runner.py:80} INFO - Job 2009: Subtask cargar_redshift_task
[2024-01-19 03:53:35,179] {task_command.py:371} INFO - Running <TaskInstance: ETLProcesoCompleto.cargar_redshift_task manual__2024-01-19T03:53:14.746525+00:00 [running]> on host 8278623e2516
[2024-01-19 03:53:35,297] {logging_mixin.py:115} WARNING - /home/***/.local/lib/python3.7/site-packages/***/utils/context.py:202 AirflowContextDeprecationWarning: Accessing 'execution_date' from the template is deprecated and will be removed in a future version. Please use 'data_interval_start' or 'logical_date' instead.
[2024-01-19 03:53:35,376] {taskinstance.py:1591} INFO - Exporting the following env vars:
AIRFLOW_CTX_DAG_OWNER=Ignacio Sachetto
AIRFLOW_CTX_DAG_ID=ETLProcesoCompleto
AIRFLOW_CTX_TASK_ID=cargar_redshift_task
AIRFLOW_CTX_EXECUTION_DATE=2024-01-19T03:53:14.746525+00:00
AIRFLOW_CTX_TRY_NUMBER=1
AIRFLOW_CTX_DAG_RUN_ID=manual__2024-01-19T03:53:14.746525+00:00
[2024-01-19 03:53:42,485] {ETLSachetto.py:171} INFO - count: 0
[2024-01-19 03:53:43,148] {ETLSachetto.py:183} INFO - Datos cargados correctamente en Redshift
[2024-01-19 03:53:43,150] {ETLSachetto.py:199} INFO - Finalizado
[2024-01-19 03:53:43,159] {python.py:173} INFO - Done. Returned value was: None
[2024-01-19 03:53:43,230] {taskinstance.py:1420} INFO - Marking task as SUCCESS. dag_id=ETLProcesoCompleto, task_id=cargar_redshift_task, execution_date=20240119T035314, start_date=20240119T035334, end_date=20240119T035343
[2024-01-19 03:53:43,645] {local_task_job.py:156} INFO - Task exited with return code 0
[2024-01-19 03:53:43,771] {local_task_job.py:273} INFO - 0 downstream tasks scheduled from follow-on schedule check
