[2024-01-17 00:41:48,992] {taskinstance.py:1179} INFO - Dependencies all met for <TaskInstance: dag_redshift.verificar_accesos manual__2024-01-17T00:41:42.843261+00:00 [queued]>
[2024-01-17 00:41:49,011] {taskinstance.py:1179} INFO - Dependencies all met for <TaskInstance: dag_redshift.verificar_accesos manual__2024-01-17T00:41:42.843261+00:00 [queued]>
[2024-01-17 00:41:49,011] {taskinstance.py:1376} INFO - 
--------------------------------------------------------------------------------
[2024-01-17 00:41:49,033] {taskinstance.py:1377} INFO - Starting attempt 1 of 6
[2024-01-17 00:41:49,034] {taskinstance.py:1378} INFO - 
--------------------------------------------------------------------------------
[2024-01-17 00:41:49,254] {taskinstance.py:1397} INFO - Executing <Task(PythonOperator): verificar_accesos> on 2024-01-17 00:41:42.843261+00:00
[2024-01-17 00:41:49,359] {standard_task_runner.py:52} INFO - Started process 6351 to run task
[2024-01-17 00:41:49,366] {standard_task_runner.py:79} INFO - Running: ['***', 'tasks', 'run', 'dag_redshift', 'verificar_accesos', 'manual__2024-01-17T00:41:42.843261+00:00', '--job-id', '165', '--raw', '--subdir', 'DAGS_FOLDER/ETLSachetto.py', '--cfg-path', '/tmp/tmpnqpvy14y', '--error-file', '/tmp/tmp1y750s8m']
[2024-01-17 00:41:49,378] {standard_task_runner.py:80} INFO - Job 165: Subtask verificar_accesos
[2024-01-17 00:41:49,622] {task_command.py:371} INFO - Running <TaskInstance: dag_redshift.verificar_accesos manual__2024-01-17T00:41:42.843261+00:00 [running]> on host 8278623e2516
[2024-01-17 00:41:50,398] {taskinstance.py:1591} INFO - Exporting the following env vars:
AIRFLOW_CTX_DAG_OWNER=NachoSachetto
AIRFLOW_CTX_DAG_ID=dag_redshift
AIRFLOW_CTX_TASK_ID=verificar_accesos
AIRFLOW_CTX_EXECUTION_DATE=2024-01-17T00:41:42.843261+00:00
AIRFLOW_CTX_TRY_NUMBER=1
AIRFLOW_CTX_DAG_RUN_ID=manual__2024-01-17T00:41:42.843261+00:00
[2024-01-17 00:41:51,970] {logging_mixin.py:115} INFO - Validación Correcto
[2024-01-17 00:41:51,987] {python.py:173} INFO - Done. Returned value was: None
[2024-01-17 00:41:52,059] {taskinstance.py:1420} INFO - Marking task as SUCCESS. dag_id=dag_redshift, task_id=verificar_accesos, execution_date=20240117T004142, start_date=20240117T004148, end_date=20240117T004152
[2024-01-17 00:41:52,169] {local_task_job.py:156} INFO - Task exited with return code 0
[2024-01-17 00:41:52,406] {local_task_job.py:273} INFO - 1 downstream tasks scheduled from follow-on schedule check
