[2024-01-17 00:30:44,847] {taskinstance.py:1179} INFO - Dependencies all met for <TaskInstance: dag_redshift.verificar_accesos manual__2024-01-17T00:30:42.297143+00:00 [queued]>
[2024-01-17 00:30:44,865] {taskinstance.py:1179} INFO - Dependencies all met for <TaskInstance: dag_redshift.verificar_accesos manual__2024-01-17T00:30:42.297143+00:00 [queued]>
[2024-01-17 00:30:44,866] {taskinstance.py:1376} INFO - 
--------------------------------------------------------------------------------
[2024-01-17 00:30:44,867] {taskinstance.py:1377} INFO - Starting attempt 1 of 6
[2024-01-17 00:30:44,867] {taskinstance.py:1378} INFO - 
--------------------------------------------------------------------------------
[2024-01-17 00:30:44,986] {taskinstance.py:1397} INFO - Executing <Task(PythonOperator): verificar_accesos> on 2024-01-17 00:30:42.297143+00:00
[2024-01-17 00:30:44,991] {standard_task_runner.py:52} INFO - Started process 5748 to run task
[2024-01-17 00:30:44,996] {standard_task_runner.py:79} INFO - Running: ['***', 'tasks', 'run', 'dag_redshift', 'verificar_accesos', 'manual__2024-01-17T00:30:42.297143+00:00', '--job-id', '156', '--raw', '--subdir', 'DAGS_FOLDER/ETLSachetto.py', '--cfg-path', '/tmp/tmpii877op3', '--error-file', '/tmp/tmp3yfp_3d4']
[2024-01-17 00:30:44,998] {standard_task_runner.py:80} INFO - Job 156: Subtask verificar_accesos
[2024-01-17 00:30:45,185] {task_command.py:371} INFO - Running <TaskInstance: dag_redshift.verificar_accesos manual__2024-01-17T00:30:42.297143+00:00 [running]> on host 8278623e2516
[2024-01-17 00:30:45,651] {taskinstance.py:1591} INFO - Exporting the following env vars:
AIRFLOW_CTX_DAG_OWNER=NachoSachetto
AIRFLOW_CTX_DAG_ID=dag_redshift
AIRFLOW_CTX_TASK_ID=verificar_accesos
AIRFLOW_CTX_EXECUTION_DATE=2024-01-17T00:30:42.297143+00:00
AIRFLOW_CTX_TRY_NUMBER=1
AIRFLOW_CTX_DAG_RUN_ID=manual__2024-01-17T00:30:42.297143+00:00
[2024-01-17 00:30:47,520] {logging_mixin.py:115} INFO - Validación Correcto
[2024-01-17 00:30:47,522] {python.py:173} INFO - Done. Returned value was: None
[2024-01-17 00:30:47,565] {taskinstance.py:1420} INFO - Marking task as SUCCESS. dag_id=dag_redshift, task_id=verificar_accesos, execution_date=20240117T003042, start_date=20240117T003044, end_date=20240117T003047
[2024-01-17 00:30:47,733] {local_task_job.py:156} INFO - Task exited with return code 0
[2024-01-17 00:30:47,918] {local_task_job.py:273} INFO - 1 downstream tasks scheduled from follow-on schedule check
