[2024-01-18 03:17:24,122] {taskinstance.py:1179} INFO - Dependencies all met for <TaskInstance: ETLFutbolll.cargar_redshift_task manual__2024-01-18T03:16:57.728950+00:00 [queued]>
[2024-01-18 03:17:24,143] {taskinstance.py:1179} INFO - Dependencies all met for <TaskInstance: ETLFutbolll.cargar_redshift_task manual__2024-01-18T03:16:57.728950+00:00 [queued]>
[2024-01-18 03:17:24,144] {taskinstance.py:1376} INFO - 
--------------------------------------------------------------------------------
[2024-01-18 03:17:24,145] {taskinstance.py:1377} INFO - Starting attempt 1 of 6
[2024-01-18 03:17:24,145] {taskinstance.py:1378} INFO - 
--------------------------------------------------------------------------------
[2024-01-18 03:17:24,200] {taskinstance.py:1397} INFO - Executing <Task(PythonOperator): cargar_redshift_task> on 2024-01-18 03:16:57.728950+00:00
[2024-01-18 03:17:24,207] {standard_task_runner.py:52} INFO - Started process 8159 to run task
[2024-01-18 03:17:24,211] {standard_task_runner.py:79} INFO - Running: ['***', 'tasks', 'run', 'ETLFutbolll', 'cargar_redshift_task', 'manual__2024-01-18T03:16:57.728950+00:00', '--job-id', '1246', '--raw', '--subdir', 'DAGS_FOLDER/ETLSachetto.py', '--cfg-path', '/tmp/tmpo22kabs3', '--error-file', '/tmp/tmpw6mo0k2f']
[2024-01-18 03:17:24,213] {standard_task_runner.py:80} INFO - Job 1246: Subtask cargar_redshift_task
[2024-01-18 03:17:24,339] {task_command.py:371} INFO - Running <TaskInstance: ETLFutbolll.cargar_redshift_task manual__2024-01-18T03:16:57.728950+00:00 [running]> on host 8278623e2516
[2024-01-18 03:17:24,443] {logging_mixin.py:115} WARNING - /home/***/.local/lib/python3.7/site-packages/***/utils/context.py:202 AirflowContextDeprecationWarning: Accessing 'execution_date' from the template is deprecated and will be removed in a future version. Please use 'data_interval_start' or 'logical_date' instead.
[2024-01-18 03:17:24,526] {taskinstance.py:1591} INFO - Exporting the following env vars:
AIRFLOW_CTX_DAG_OWNER=NacchoSachetto
AIRFLOW_CTX_DAG_ID=ETLFutbolll
AIRFLOW_CTX_TASK_ID=cargar_redshift_task
AIRFLOW_CTX_EXECUTION_DATE=2024-01-18T03:16:57.728950+00:00
AIRFLOW_CTX_TRY_NUMBER=1
AIRFLOW_CTX_DAG_RUN_ID=manual__2024-01-18T03:16:57.728950+00:00
[2024-01-18 03:17:34,454] {ETLSachetto.py:168} INFO - Datos cargados correctamente en Redshift
[2024-01-18 03:17:34,455] {ETLSachetto.py:179} INFO - Finalizado
[2024-01-18 03:17:34,457] {python.py:173} INFO - Done. Returned value was: None
[2024-01-18 03:17:34,478] {taskinstance.py:1420} INFO - Marking task as SUCCESS. dag_id=ETLFutbolll, task_id=cargar_redshift_task, execution_date=20240118T031657, start_date=20240118T031724, end_date=20240118T031734
[2024-01-18 03:17:34,567] {local_task_job.py:156} INFO - Task exited with return code 0
[2024-01-18 03:17:34,630] {local_task_job.py:273} INFO - 0 downstream tasks scheduled from follow-on schedule check
